host:    192.168.1.151
command: ping -c 1 baidu.com | grep '1 received' | wc -l
output:  1

host:    192.168.1.152
command: ping -c 1 baidu.com | grep '1 received' | wc -l
output:  1

host:    192.168.1.153
command: ping -c 1 baidu.com | grep '1 received' | wc -l
output:  1

host:    192.168.1.151
command: sh /tmp/tmp.7MHjnkb5uK
output:  Loaded plugins: fastestmirror
Loading mirror speeds from cached hostfile
Setting up Install Process
Package ntp-4.2.6p5-1.el6.centos.x86_64 already installed and latest version
Nothing to do
 6 Jun 14:18:38 ntpdate[2835]: adjust time server 218.75.4.130 offset 0.021227 sec
Stopping crond: [  OK  ]
Starting crond: [  OK  ]

host:    192.168.1.151
command: rm -f /tmp/tmp.7MHjnkb5uK
output:  

host:    192.168.1.152
command: sh /tmp/tmp.XxDRcLlqWq
output:  Loaded plugins: fastestmirror
Loading mirror speeds from cached hostfile
Setting up Install Process
Package ntp-4.2.6p5-1.el6.centos.x86_64 already installed and latest version
Nothing to do
 6 Jun 14:18:44 ntpdate[3069]: adjust time server 218.75.4.130 offset 0.022701 sec
Stopping crond: [  OK  ]
Starting crond: [  OK  ]

host:    192.168.1.152
command: rm -f /tmp/tmp.XxDRcLlqWq
output:  

host:    192.168.1.153
command: sh /tmp/tmp.jkdOqRHkxr
output:  Loaded plugins: fastestmirror
Loading mirror speeds from cached hostfile
Setting up Install Process
Package ntp-4.2.6p5-1.el6.centos.x86_64 already installed and latest version
Nothing to do
 6 Jun 14:18:50 ntpdate[2791]: adjust time server 202.112.29.82 offset 0.018993 sec
Stopping crond: [  OK  ]
Starting crond: [  OK  ]

host:    192.168.1.153
command: rm -f /tmp/tmp.jkdOqRHkxr
output:  

host:    192.168.1.152
command: sh /tmp/tmp.oT8pv2EVTP
output:  
WARNING: DOS-compatible mode is deprecated. It's strongly recommended to
         switch off the mode (command 'c') and change display units to
         sectors (command 'u').

Command (m for help): Command action
   e   extended
   p   primary partition (1-4)
Partition number (1-4): Partition 1 is already defined.  Delete it before re-adding it.

Command (m for help): Command (m for help): Command (m for help): The partition table has been altered!

Calling ioctl() to re-read partition table.

WARNING: Re-reading the partition table failed with error 16: Device or resource busy.
The kernel still uses the old table. The new table will be used at
the next reboot or after you run partprobe(8) or kpartx(8)
Syncing disks.
sdb1 : 0 125821017 /dev/sdb 63
mkfs.xfs: /dev/sdb1 contains a mounted filesystem
Usage: mkfs.xfs
/* blocksize */		[-b log=n|size=num]
/* data subvol */	[-d agcount=n,agsize=n,file,name=xxx,size=num,
			    (sunit=value,swidth=value|su=num,sw=num),
			    sectlog=n|sectsize=num
/* inode size */	[-i log=n|perblock=n|size=num,maxpct=n,attr=0|1|2,
			    projid32bit=0|1]
/* log subvol */	[-l agnum=n,internal,size=num,logdev=xxx,version=n
			    sunit=value|su=num,sectlog=n|sectsize=num,
			    lazy-count=0|1]
/* label */		[-L label (maximum 12 characters)]
/* naming */		[-n log=n|size=num,version=2|ci]
/* prototype file */	[-p fname]
/* quiet */		[-q]
/* realtime subvol */	[-r extsize=num,size=num,rtdev=xxx]
/* sectorsize */	[-s log=n|size=num]
/* version */		[-V]
			devicename
<devicename> is required unless -d name=xxx is given.
<num> is xxx (bytes), xxxs (sectors), xxxb (fs blocks), xxxk (xxx KiB),
      xxxm (xxx MiB), xxxg (xxx GiB), xxxt (xxx TiB) or xxxp (xxx PiB).
<value> is xxx (512 byte blocks).

host:    192.168.1.152
command: rm -f /tmp/tmp.oT8pv2EVTP
output:  

host:    192.168.1.153
command: sh /tmp/tmp.KZiMG3k9zW
output:  
WARNING: DOS-compatible mode is deprecated. It's strongly recommended to
         switch off the mode (command 'c') and change display units to
         sectors (command 'u').

Command (m for help): Command action
   e   extended
   p   primary partition (1-4)
Partition number (1-4): Partition 1 is already defined.  Delete it before re-adding it.

Command (m for help): Command (m for help): Command (m for help): The partition table has been altered!

Calling ioctl() to re-read partition table.

WARNING: Re-reading the partition table failed with error 16: Device or resource busy.
The kernel still uses the old table. The new table will be used at
the next reboot or after you run partprobe(8) or kpartx(8)
Syncing disks.
sdb1 : 0 125821017 /dev/sdb 63
mkfs.xfs: /dev/sdb1 contains a mounted filesystem
Usage: mkfs.xfs
/* blocksize */		[-b log=n|size=num]
/* data subvol */	[-d agcount=n,agsize=n,file,name=xxx,size=num,
			    (sunit=value,swidth=value|su=num,sw=num),
			    sectlog=n|sectsize=num
/* inode size */	[-i log=n|perblock=n|size=num,maxpct=n,attr=0|1|2,
			    projid32bit=0|1]
/* log subvol */	[-l agnum=n,internal,size=num,logdev=xxx,version=n
			    sunit=value|su=num,sectlog=n|sectsize=num,
			    lazy-count=0|1]
/* label */		[-L label (maximum 12 characters)]
/* naming */		[-n log=n|size=num,version=2|ci]
/* prototype file */	[-p fname]
/* quiet */		[-q]
/* realtime subvol */	[-r extsize=num,size=num,rtdev=xxx]
/* sectorsize */	[-s log=n|size=num]
/* version */		[-V]
			devicename
<devicename> is required unless -d name=xxx is given.
<num> is xxx (bytes), xxxs (sectors), xxxb (fs blocks), xxxk (xxx KiB),
      xxxm (xxx MiB), xxxg (xxx GiB), xxxt (xxx TiB) or xxxp (xxx PiB).
<value> is xxx (512 byte blocks).

host:    192.168.1.153
command: rm -f /tmp/tmp.KZiMG3k9zW
output:  

host:    192.168.1.151
command: sh /tmp/tmp.Bl7tjigggn
output:  Loaded plugins: fastestmirror
Loading mirror speeds from cached hostfile
Setting up Install Process
Examining /var/tmp/yum-root-P8I8OD/rdo-release.rpm: rdo-release-icehouse-3.noarch
/var/tmp/yum-root-P8I8OD/rdo-release.rpm: does not update installed package.
Error: Nothing to do
Loaded plugins: fastestmirror
Loading mirror speeds from cached hostfile
Setting up Install Process
Package openstack-swift-1.13.1-1.el6.noarch already installed and latest version
Package openstack-swift-proxy-1.13.1-1.el6.noarch already installed and latest version
Nothing to do

host:    192.168.1.151
command: rm -f /tmp/tmp.Bl7tjigggn
output:  

host:    192.168.1.152
command: sh /tmp/tmp.oTb9Ik0R1Z
output:  Loaded plugins: fastestmirror
Loading mirror speeds from cached hostfile
Setting up Install Process
Examining /var/tmp/yum-root-fs7cMP/rdo-release.rpm: rdo-release-icehouse-3.noarch
/var/tmp/yum-root-fs7cMP/rdo-release.rpm: does not update installed package.
Error: Nothing to do
Loaded plugins: fastestmirror
Loading mirror speeds from cached hostfile
Setting up Install Process
Package openstack-swift-account-1.13.1-1.el6.noarch already installed and latest version
Package openstack-swift-object-1.13.1-1.el6.noarch already installed and latest version
Package openstack-swift-container-1.13.1-1.el6.noarch already installed and latest version
Nothing to do

host:    192.168.1.152
command: rm -f /tmp/tmp.oTb9Ik0R1Z
output:  

host:    192.168.1.153
command: sh /tmp/tmp.AQCHJwgdS8
output:  Loaded plugins: fastestmirror
Loading mirror speeds from cached hostfile
Setting up Install Process
Examining /var/tmp/yum-root-Sv4wmU/rdo-release.rpm: rdo-release-icehouse-3.noarch
/var/tmp/yum-root-Sv4wmU/rdo-release.rpm: does not update installed package.
Error: Nothing to do
Loaded plugins: fastestmirror
Loading mirror speeds from cached hostfile
Setting up Install Process
Package openstack-swift-account-1.13.1-1.el6.noarch already installed and latest version
Package openstack-swift-object-1.13.1-1.el6.noarch already installed and latest version
Package openstack-swift-container-1.13.1-1.el6.noarch already installed and latest version
Nothing to do

host:    192.168.1.153
command: rm -f /tmp/tmp.AQCHJwgdS8
output:  

Copy file /tmp/tmp.e7lOGE5yeE to 192.168.1.151:/etc/swift/swift.conf
result: 

Copy file /tmp/tmp.e7lOGE5yeE to 192.168.1.152:/etc/swift/swift.conf
result: 

Copy file /tmp/tmp.e7lOGE5yeE to 192.168.1.153:/etc/swift/swift.conf
result: 

host:    192.168.1.151
command: sh /tmp/tmp.llZLqz00dc
output:  

host:    192.168.1.151
command: rm -f /tmp/tmp.llZLqz00dc
output:  

host:    192.168.1.151
command: sh /tmp/tmp.L0ODjZsGQg
output:  Loaded plugins: fastestmirror
Loading mirror speeds from cached hostfile
Setting up Install Process
Package memcached-1.4.4-3.el6.x86_64 already installed and latest version
Nothing to do
Starting memcached: 

host:    192.168.1.151
command: rm -f /tmp/tmp.L0ODjZsGQg
output:  

host:    192.168.1.152
command: sh /tmp/tmp.giCYJrfnsN
output:  Loaded plugins: fastestmirror
Loading mirror speeds from cached hostfile
Setting up Install Process
Package 2:xinetd-2.3.14-39.el6_4.x86_64 already installed and latest version
Package rsync-3.0.6-9.el6_4.1.x86_64 already installed and latest version
Nothing to do
Stopping xinetd: [  OK  ]
Starting xinetd: [  OK  ]

host:    192.168.1.152
command: rm -f /tmp/tmp.giCYJrfnsN
output:  

host:    192.168.1.153
command: sh /tmp/tmp.bpAPGIn8yG
output:  Loaded plugins: fastestmirror
Loading mirror speeds from cached hostfile
Setting up Install Process
Package 2:xinetd-2.3.14-39.el6_4.x86_64 already installed and latest version
Package rsync-3.0.6-9.el6_4.1.x86_64 already installed and latest version
Nothing to do
Stopping xinetd: [  OK  ]
Starting xinetd: [  OK  ]

host:    192.168.1.153
command: rm -f /tmp/tmp.bpAPGIn8yG
output:  

host:    192.168.1.151
command: sh /tmp/tmp.z8MjNKkoOt
output:  WARNING: No region specified for z1-192.168.1.152:6000/sdb1. Defaulting to region 1.
Device d0r1z1-192.168.1.152:6000R192.168.1.152:6000/sdb1_"" with 100.0 weight got id 0
WARNING: No region specified for z1-192.168.1.152:6001/sdb1. Defaulting to region 1.
Device d0r1z1-192.168.1.152:6001R192.168.1.152:6001/sdb1_"" with 100.0 weight got id 0
WARNING: No region specified for z1-192.168.1.152:6002/sdb1. Defaulting to region 1.
Device d0r1z1-192.168.1.152:6002R192.168.1.152:6002/sdb1_"" with 100.0 weight got id 0
WARNING: No region specified for z1-192.168.1.153:6000/sdb1. Defaulting to region 1.
Device d1r1z1-192.168.1.153:6000R192.168.1.153:6000/sdb1_"" with 100.0 weight got id 1
WARNING: No region specified for z1-192.168.1.153:6001/sdb1. Defaulting to region 1.
Device d1r1z1-192.168.1.153:6001R192.168.1.153:6001/sdb1_"" with 100.0 weight got id 1
WARNING: No region specified for z1-192.168.1.153:6002/sdb1. Defaulting to region 1.
Device d1r1z1-192.168.1.153:6002R192.168.1.153:6002/sdb1_"" with 100.0 weight got id 1

host:    192.168.1.151
command: rm -f /tmp/tmp.z8MjNKkoOt
output:  

host:    192.168.1.151
command: sh /tmp/tmp.s30j4awqHA
output:  Starting openstack-swift-object-expirer: [  OK  ]
Starting openstack-swift-proxy: [  OK  ]

host:    192.168.1.151
command: rm -f /tmp/tmp.s30j4awqHA
output:  

host:    192.168.1.152
command: sh /tmp/tmp.wFoAkYZfzY
output:  Starting openstack-swift-account-replicator: [  OK  ]
Starting openstack-swift-container-replicator: [  OK  ]
Starting openstack-swift-container-updater: [  OK  ]
Starting openstack-swift-object-replicator: [  OK  ]
Starting openstack-swift-object-updater: [  OK  ]

host:    192.168.1.152
command: rm -f /tmp/tmp.wFoAkYZfzY
output:  

host:    192.168.1.153
command: sh /tmp/tmp.rKdv1eCc2H
output:  Starting openstack-swift-account-replicator: [  OK  ]
Starting openstack-swift-container-replicator: [  OK  ]
Starting openstack-swift-container-updater: [  OK  ]
Starting openstack-swift-object-replicator: [  OK  ]
Starting openstack-swift-object-updater: [  OK  ]

host:    192.168.1.153
command: rm -f /tmp/tmp.rKdv1eCc2H
output:  

